d:\repos\phantasmasdk\c++\sample\cli sample\cppapisample\x64\debug\cppapisample.pch
d:\repos\phantasmasdk\c++\sample\cli sample\cppapisample\x64\debug\vc141.pdb
d:\repos\phantasmasdk\c++\sample\cli sample\cppapisample\x64\debug\vc141.idb
d:\repos\phantasmasdk\c++\sample\cli sample\cppapisample\x64\debug\pch.obj
d:\repos\phantasmasdk\c++\sample\cli sample\cppapisample\x64\debug\phantasmaapi.obj
d:\repos\phantasmasdk\c++\sample\cli sample\cppapisample\x64\debug\main.obj
d:\repos\phantasmasdk\c++\sample\cli sample\cppapisample\x64\debug\vcpkg.applocal.log
d:\repos\phantasmasdk\c++\sample\cli sample\x64\debug\cpprest_2_10d.dll
d:\repos\phantasmasdk\c++\sample\cli sample\x64\debug\boost_date_time-vc141-mt-gd-x64-1_69.dll
d:\repos\phantasmasdk\c++\sample\cli sample\x64\debug\ssleay32.dll
d:\repos\phantasmasdk\c++\sample\cli sample\x64\debug\libeay32.dll
d:\repos\phantasmasdk\c++\sample\cli sample\x64\debug\zlibd1.dll
d:\repos\phantasmasdk\c++\sample\cli sample\x64\debug\cppapisample.ilk
d:\repos\phantasmasdk\c++\sample\cli sample\x64\debug\cppapisample.exe
d:\repos\phantasmasdk\c++\sample\cli sample\x64\debug\cppapisample.pdb
d:\repos\phantasmasdk\c++\sample\cli sample\cppapisample\x64\debug\cppapisample.tlog\cl.command.1.tlog
d:\repos\phantasmasdk\c++\sample\cli sample\cppapisample\x64\debug\cppapisample.tlog\cl.read.1.tlog
d:\repos\phantasmasdk\c++\sample\cli sample\cppapisample\x64\debug\cppapisample.tlog\cl.write.1.tlog
d:\repos\phantasmasdk\c++\sample\cli sample\cppapisample\x64\debug\cppapisample.tlog\cppapisample.write.1u.tlog
d:\repos\phantasmasdk\c++\sample\cli sample\cppapisample\x64\debug\cppapisample.tlog\link.command.1.tlog
d:\repos\phantasmasdk\c++\sample\cli sample\cppapisample\x64\debug\cppapisample.tlog\link.read.1.tlog
d:\repos\phantasmasdk\c++\sample\cli sample\cppapisample\x64\debug\cppapisample.tlog\link.write.1.tlog
