d:\repos\c++spooktest\cppapisample\debug\cppapisample.pch
d:\repos\c++spooktest\cppapisample\debug\vc141.pdb
d:\repos\c++spooktest\cppapisample\debug\vc141.idb
d:\repos\c++spooktest\cppapisample\debug\pch.obj
d:\repos\c++spooktest\cppapisample\debug\phantasmaapi.obj
d:\repos\c++spooktest\cppapisample\debug\main.obj
d:\repos\c++spooktest\c++spooktest\debug\vcpkg.applocal.log
d:\repos\c++spooktest\debug\cpprest_2_10d.dll
d:\repos\c++spooktest\debug\boost_date_time-vc141-mt-gd-x32-1_69.dll
d:\repos\c++spooktest\debug\ssleay32.dll
d:\repos\c++spooktest\debug\libeay32.dll
d:\repos\c++spooktest\debug\zlibd1.dll
d:\repos\c++spooktest\cppapisample\debug\vcpkg.applocal.log
d:\repos\c++spooktest\debug\cppapisample.exe
d:\repos\c++spooktest\debug\cppapisample.ilk
d:\repos\c++spooktest\debug\cppapisample.pdb
d:\repos\c++spooktest\cppapisample\debug\cppapisample.tlog\cl.command.1.tlog
d:\repos\c++spooktest\cppapisample\debug\cppapisample.tlog\cl.read.1.tlog
d:\repos\c++spooktest\cppapisample\debug\cppapisample.tlog\cl.write.1.tlog
d:\repos\c++spooktest\cppapisample\debug\cppapisample.tlog\cppapisample.write.1u.tlog
d:\repos\c++spooktest\cppapisample\debug\cppapisample.tlog\link.command.1.tlog
d:\repos\c++spooktest\cppapisample\debug\cppapisample.tlog\link.read.1.tlog
d:\repos\c++spooktest\cppapisample\debug\cppapisample.tlog\link.write.1.tlog
